<?xml version="1.0" encoding="UTF-8"?>
<testsuite xmlns:xsi="http://www.w3.org/2001/XMLSchema-instance" xsi:schemaLocation="https://maven.apache.org/surefire/maven-surefire-plugin/xsd/surefire-test-report.xsd" name="my.epam.collections.FastIntSetTest" time="33.943" tests="9" errors="0" skipped="0" failures="0">
  <properties>
[...]
</properties>
  <testcase name="toArray" classname="my.epam.collections.FastIntSetTest" time="3.185"/>
  <testcase name="remove" classname="my.epam.collections.FastIntSetTest" time="0.223"/>
  <testcase name="contains" classname="my.epam.collections.FastIntSetTest" time="2.606"/>
  <testcase name="getSize" classname="my.epam.collections.FastIntSetTest" time="0"/>
  <testcase name="add" classname="my.epam.collections.FastIntSetTest" time="3.082"/>
  <testcase name="union" classname="my.epam.collections.FastIntSetTest" time="8.257"/>
  <testcase name="intersection" classname="my.epam.collections.FastIntSetTest" time="9.405"/>
  <testcase name="isSubsetOf" classname="my.epam.collections.FastIntSetTest" time="2.894"/>
  <testcase name="difference" classname="my.epam.collections.FastIntSetTest" time="4.142"/>
</testsuite>